[debug] [2020-03-02T16:20:45.858Z] ----------------------------------------------------------------------
[debug] [2020-03-02T16:20:45.860Z] Command:       /usr/local/bin/firebase /Users/barbara/.cache/firebase/tools/lib/node_modules/firebase-tools/lib/bin/firebase serve
[debug] [2020-03-02T16:20:45.860Z] CLI Version:   7.12.0
[debug] [2020-03-02T16:20:45.860Z] Platform:      darwin
[debug] [2020-03-02T16:20:45.861Z] Node Version:  v12.13.1
[debug] [2020-03-02T16:20:45.862Z] Time:          Mon Mar 02 2020 13:20:45 GMT-0300 (Chile Summer Time)
[debug] [2020-03-02T16:20:45.862Z] ----------------------------------------------------------------------
[debug] [2020-03-02T16:20:45.862Z] 
[debug] [2020-03-02T16:20:45.877Z] > command requires scopes: ["email","openid","https://www.googleapis.com/auth/cloudplatformprojects.readonly","https://www.googleapis.com/auth/firebase","https://www.googleapis.com/auth/cloud-platform"]
[debug] [2020-03-02T16:20:45.877Z] > authorizing via signed-in user
[debug] [2020-03-02T16:20:45.878Z] [iam] checking project burger-queen-f6c33 for permissions ["firebase.projects.get"]
[debug] [2020-03-02T16:20:45.880Z] >>> HTTP REQUEST POST https://cloudresourcemanager.googleapis.com/v1/projects/burger-queen-f6c33:testIamPermissions  

[debug] [2020-03-02T16:20:47.045Z] <<< HTTP RESPONSE 200
[debug] [2020-03-02T16:20:47.048Z] >>> HTTP REQUEST GET https://firebase.googleapis.com/v1beta1/projects/burger-queen-f6c33  
 
[debug] [2020-03-02T16:20:48.210Z] <<< HTTP RESPONSE 200
[info] 
[info] === Serving from '/Users/barbara/Laboratoria/SCL012-burger-queen'...
[info] 
[debug] [2020-03-02T16:20:48.215Z] >>> HTTP REQUEST GET https://firebase.googleapis.com/v1beta1/projects/burger-queen-f6c33/webApps/-/config  
 
[debug] [2020-03-02T16:20:49.598Z] <<< HTTP RESPONSE 200
[info] i  hosting: Serving hosting files from: public
[info] ✔  hosting: Local server: http://localhost:5000
